Using pre-set license
Built from '2021.3/staging' branch; Version is '2021.3.33f1 (ee5a2aa03ab2) revision 15620650'; Using compiler version '192829333'; Build Type 'Release'
OS: 'Windows 10  (10.0.19045) 64bit Education' Language: 'ko' Physical Memory: 16057 MB
BatchMode: 1, IsHumanControllingUs: 0, StartBugReporterOnCrash: 0, Is64bit: 1, IsPro: 1

COMMAND LINE ARGUMENTS:
C:\Program Files\Unity\Hub\Editor\2021.3.33f1\Editor\Unity.exe
-adb2
-batchMode
-noUpm
-name
AssetImportWorker0
-projectPath
C:/Users/jumin/Documents/UnityProject/NetworkGame
-logFile
Logs/AssetImportWorker0.log
-srvPort
12763
Successfully changed project path to: C:/Users/jumin/Documents/UnityProject/NetworkGame
C:/Users/jumin/Documents/UnityProject/NetworkGame
[UnityMemory] Configuration Parameters - Can be set up in boot.config
    "memorysetup-bucket-allocator-granularity=16"
    "memorysetup-bucket-allocator-bucket-count=8"
    "memorysetup-bucket-allocator-block-size=33554432"
    "memorysetup-bucket-allocator-block-count=8"
    "memorysetup-main-allocator-block-size=16777216"
    "memorysetup-thread-allocator-block-size=16777216"
    "memorysetup-gfx-main-allocator-block-size=16777216"
    "memorysetup-gfx-thread-allocator-block-size=16777216"
    "memorysetup-cache-allocator-block-size=4194304"
    "memorysetup-typetree-allocator-block-size=2097152"
    "memorysetup-profiler-bucket-allocator-granularity=16"
    "memorysetup-profiler-bucket-allocator-bucket-count=8"
    "memorysetup-profiler-bucket-allocator-block-size=33554432"
    "memorysetup-profiler-bucket-allocator-block-count=8"
    "memorysetup-profiler-allocator-block-size=16777216"
    "memorysetup-profiler-editor-allocator-block-size=1048576"
    "memorysetup-temp-allocator-size-main=16777216"
    "memorysetup-job-temp-allocator-block-size=2097152"
    "memorysetup-job-temp-allocator-block-size-background=1048576"
    "memorysetup-job-temp-allocator-reduction-small-platforms=262144"
    "memorysetup-temp-allocator-size-background-worker=32768"
    "memorysetup-temp-allocator-size-job-worker=262144"
    "memorysetup-temp-allocator-size-preload-manager=33554432"
    "memorysetup-temp-allocator-size-nav-mesh-worker=65536"
    "memorysetup-temp-allocator-size-audio-worker=65536"
    "memorysetup-temp-allocator-size-cloud-worker=32768"
    "memorysetup-temp-allocator-size-gi-baking-worker=262144"
    "memorysetup-temp-allocator-size-gfx=262144"
Player connection [21980] Host "[IP] 172.21.224.1 [Port] 0 [Flags] 2 [Guid] 2183862245 [EditorId] 2183862245 [Version] 1048832 [Id] WindowsEditor(7,Zox2m) [Debug] 1 [PackageName] WindowsEditor [ProjectName] Editor" joined multi-casting on [225.0.0.222:54997]...

Player connection [21980] Host "[IP] 172.21.224.1 [Port] 0 [Flags] 2 [Guid] 2183862245 [EditorId] 2183862245 [Version] 1048832 [Id] WindowsEditor(7,Zox2m) [Debug] 1 [PackageName] WindowsEditor [ProjectName] Editor" joined alternative multi-casting on [225.0.0.222:34997]...

[Physics::Module] Initialized MultithreadedJobDispatcher with {0} workers.
Refreshing native plugins compatible for Editor in 537.40 ms, found 3 plugins.
Preloading 0 native plugins for Editor in 0.00 ms.
Initialize engine version: 2021.3.33f1 (ee5a2aa03ab2)
[Subsystems] Discovering subsystems at path C:/Program Files/Unity/Hub/Editor/2021.3.33f1/Editor/Data/Resources/UnitySubsystems
[Subsystems] Discovering subsystems at path C:/Users/jumin/Documents/UnityProject/NetworkGame/Assets
GfxDevice: creating device client; threaded=0; jobified=0
Direct3D:
    Version:  Direct3D 11.0 [level 11.1]
    Renderer: Intel(R) Iris(R) Xe Graphics (ID=0x9a49)
    Vendor:   Intel
    VRAM:     8028 MB
    Driver:   27.20.100.9415
Initialize mono
Mono path[0] = 'C:/Program Files/Unity/Hub/Editor/2021.3.33f1/Editor/Data/Managed'
Mono path[1] = 'C:/Program Files/Unity/Hub/Editor/2021.3.33f1/Editor/Data/MonoBleedingEdge/lib/mono/unityjit-win32'
Mono config path = 'C:/Program Files/Unity/Hub/Editor/2021.3.33f1/Editor/Data/MonoBleedingEdge/etc'
Using monoOptions --debugger-agent=transport=dt_socket,embedding=1,server=y,suspend=n,address=127.0.0.1:56988
Begin MonoManager ReloadAssembly
Registering precompiled unity dll's ...
Register platform support module: C:/Program Files/Unity/Hub/Editor/2021.3.33f1/Editor/Data/PlaybackEngines/WebGLSupport/UnityEditor.WebGL.Extensions.dll
Register platform support module: C:/Program Files/Unity/Hub/Editor/2021.3.33f1/Editor/Data/PlaybackEngines/AndroidPlayer/UnityEditor.Android.Extensions.dll
Register platform support module: C:/Program Files/Unity/Hub/Editor/2021.3.33f1/Editor/Data/PlaybackEngines/WindowsStandaloneSupport/UnityEditor.WindowsStandalone.Extensions.dll
Registered in 0.027328 seconds.
Native extension for WindowsStandalone target not found
Native extension for Android target not found
Android Extension - Scanning For ADB Devices 931 ms
Native extension for WebGL target not found
Refreshing native plugins compatible for Editor in 484.84 ms, found 3 plugins.
Preloading 0 native plugins for Editor in 0.00 ms.
Mono: successfully reloaded assembly
- Completed reload, in  3.926 seconds
Domain Reload Profiling:
	ReloadAssembly (3927ms)
		BeginReloadAssembly (373ms)
			ExecutionOrderSort (0ms)
			DisableScriptedObjects (0ms)
			BackupInstance (0ms)
			ReleaseScriptingObjects (0ms)
			CreateAndSetChildDomain (3ms)
		EndReloadAssembly (3132ms)
			LoadAssemblies (360ms)
			RebuildTransferFunctionScriptingTraits (0ms)
			SetupTypeCache (465ms)
			ReleaseScriptCaches (0ms)
			RebuildScriptCaches (110ms)
			SetupLoadedEditorAssemblies (2388ms)
				LogAssemblyErrors (0ms)
				InitializePlatformSupportModulesInManaged (1315ms)
				SetLoadedEditorAssemblies (1ms)
				RefreshPlugins (485ms)
				BeforeProcessingInitializeOnLoad (4ms)
				ProcessInitializeOnLoadAttributes (406ms)
				ProcessInitializeOnLoadMethodAttributes (178ms)
				AfterProcessingInitializeOnLoad (0ms)
				EditorAssembliesLoaded (1ms)
			ExecutionOrderSort2 (0ms)
			AwakeInstancesAfterBackupRestoration (0ms)
Platform modules already initialized, skipping
Registering precompiled user dll's ...
Registered in 0.032464 seconds.
Begin MonoManager ReloadAssembly
Native extension for WindowsStandalone target not found
Native extension for Android target not found
Native extension for WebGL target not found
Refreshing native plugins compatible for Editor in 455.74 ms, found 3 plugins.
Preloading 0 native plugins for Editor in 0.00 ms.
Package Manager log level set to [2]
[Package Manager] Server::EnsureServerProcessIsRunning -- launch failed, reason: Unity was launched with the -noUpm command-line argument
[Package Manager] Cannot connect to Unity Package Manager local server
Mono: successfully reloaded assembly
- Completed reload, in  7.137 seconds
Domain Reload Profiling:
	ReloadAssembly (7141ms)
		BeginReloadAssembly (499ms)
			ExecutionOrderSort (0ms)
			DisableScriptedObjects (30ms)
			BackupInstance (0ms)
			ReleaseScriptingObjects (1ms)
			CreateAndSetChildDomain (57ms)
		EndReloadAssembly (6178ms)
			LoadAssemblies (412ms)
			RebuildTransferFunctionScriptingTraits (0ms)
			SetupTypeCache (1554ms)
			ReleaseScriptCaches (2ms)
			RebuildScriptCaches (339ms)
			SetupLoadedEditorAssemblies (3804ms)
				LogAssemblyErrors (0ms)
				InitializePlatformSupportModulesInManaged (76ms)
				SetLoadedEditorAssemblies (1ms)
				RefreshPlugins (456ms)
				BeforeProcessingInitializeOnLoad (489ms)
				ProcessInitializeOnLoadAttributes (2460ms)
				ProcessInitializeOnLoadMethodAttributes (294ms)
				AfterProcessingInitializeOnLoad (28ms)
				EditorAssembliesLoaded (1ms)
			ExecutionOrderSort2 (0ms)
			AwakeInstancesAfterBackupRestoration (25ms)
Platform modules already initialized, skipping
========================================================================
Worker process is ready to serve import requests
Launched and connected shader compiler UnityShaderCompiler.exe after 0.12 seconds
Refreshing native plugins compatible for Editor in 1.81 ms, found 3 plugins.
Preloading 0 native plugins for Editor in 0.00 ms.
Unloading 5657 Unused Serialized files (Serialized files now loaded: 0)
Unloading 55 unused Assets / (0.8 MB). Loaded Objects now: 6108.
Memory consumption went from 231.4 MB to 230.6 MB.
Total: 10.931100 ms (FindLiveObjects: 1.502500 ms CreateObjectMapping: 1.280900 ms MarkObjects: 6.622200 ms  DeleteObjects: 1.522100 ms)

AssetImportParameters requested are different than current active one (requested -> active):
  custom:video-decoder-ogg-theora: a1e56fd34408186e4bbccfd4996cb3dc -> 
  custom:container-muxer-webm: aa71ff27fc2769a1b78a27578f13a17b -> 
  custom:container-demuxer-webm: 4f35f7cbe854078d1ac9338744f61a02 -> 
  custom:video-encoder-webm-vp8: eb34c28f22e8b96e1ab97ce403110664 -> 
  custom:video-codec-MediaFoundation-h265: 746d11721c4dcdbdad8f713fa42b33f4 -> 
  custom:CustomObjectIndexerAttribute: 6b0e35c9178b02a6363f3721b7b8e397 -> 
  custom:audio-encoder-webm-vorbis: bf7c407c2cedff20999df2af8eb42d56 -> 
  custom:framework-win-MediaFoundation: 216162199b28c13a410421893ffa2e32 -> 
  custom:SearchIndexIgnoredProperties: e643bd26f0fe6173181afceb89e7c659 -> 
  custom:container-demuxer-ogg: 62fdf1f143b41e24485cea50d1cbac27 -> 
  custom:video-decoder-webm-vp8: 9c59270c3fd7afecdb556c50c9e8de78 -> 
  custom:audio-decoder-ogg-vorbis: bf7c407c2cedff20999df2af8eb42d56 -> 
========================================================================
Received Import Request.
  Time since last request: 769095.525906 seconds.
  path: Assets/Photon/PhotonUnityNetworking/Demos/Shared Assets/Animations/Materials/TeethMaterial.mat
  artifactKey: Guid(17dd34e8a826d0641a0e0f43da1e03a0) Importer(815301076,1909f56bfc062723c751e8b465ee728b)
Number of updated assets reloaded before import = 0
Start importing Assets/Photon/PhotonUnityNetworking/Demos/Shared Assets/Animations/Materials/TeethMaterial.mat using Guid(17dd34e8a826d0641a0e0f43da1e03a0) Importer(815301076,1909f56bfc062723c751e8b465ee728b)  -> (artifact id: 'd127d706198dda4326f2db020eae3973') in 1.189726 seconds 
Number of asset objects unloaded after import = 12
========================================================================
Received Import Request.
  Time since last request: 101.067040 seconds.
  path: Assets/Distant Lands
  artifactKey: Guid(2c11f702080a08b478614019ff55c3e6) Importer(815301076,1909f56bfc062723c751e8b465ee728b)
Number of updated assets reloaded before import = 0
Start importing Assets/Distant Lands using Guid(2c11f702080a08b478614019ff55c3e6) Importer(815301076,1909f56bfc062723c751e8b465ee728b)  -> (artifact id: '8cda27856ceb1eeb57099f3b71a139f1') in 0.018593 seconds 
Number of asset objects unloaded after import = 0
========================================================================
Received Import Request.
  Time since last request: 0.683297 seconds.
  path: Assets/Distant Lands/Free Characters
  artifactKey: Guid(536cd452fb75a994dad731a8f77a5792) Importer(815301076,1909f56bfc062723c751e8b465ee728b)
Number of updated assets reloaded before import = 0
Start importing Assets/Distant Lands/Free Characters using Guid(536cd452fb75a994dad731a8f77a5792) Importer(815301076,1909f56bfc062723c751e8b465ee728b)  -> (artifact id: 'fbc48915043ed3cc0d6cfd4f303b3f42') in 0.020231 seconds 
Number of asset objects unloaded after import = 0
========================================================================
Received Import Request.
  Time since last request: 0.677468 seconds.
  path: Assets/Distant Lands/Free Characters/Contents
  artifactKey: Guid(e06ab242b464bcb4ab72392773d7de83) Importer(815301076,1909f56bfc062723c751e8b465ee728b)
Number of updated assets reloaded before import = 0
Start importing Assets/Distant Lands/Free Characters/Contents using Guid(e06ab242b464bcb4ab72392773d7de83) Importer(815301076,1909f56bfc062723c751e8b465ee728b)  -> (artifact id: 'f6b2c48f1e753b52bbabf3ac1ed806c5') in 0.020893 seconds 
Number of asset objects unloaded after import = 0
========================================================================
Received Import Request.
  Time since last request: 0.290285 seconds.
  path: Assets/Distant Lands/Free Characters/Scenes
  artifactKey: Guid(7a5349f29e99a0a438e2eeda0eecf5ca) Importer(815301076,1909f56bfc062723c751e8b465ee728b)
Number of updated assets reloaded before import = 0
Start importing Assets/Distant Lands/Free Characters/Scenes using Guid(7a5349f29e99a0a438e2eeda0eecf5ca) Importer(815301076,1909f56bfc062723c751e8b465ee728b)  -> (artifact id: 'a5498495e7df7ce5db6bd2c8c01e5c9e') in 0.020464 seconds 
Number of asset objects unloaded after import = 0
========================================================================
Received Import Request.
  Time since last request: 1.642361 seconds.
  path: Assets/Distant Lands/Free Characters/Contents/Mesh
  artifactKey: Guid(412a246803a3afc4dbab4c83f6d67e66) Importer(815301076,1909f56bfc062723c751e8b465ee728b)
Number of updated assets reloaded before import = 0
Start importing Assets/Distant Lands/Free Characters/Contents/Mesh using Guid(412a246803a3afc4dbab4c83f6d67e66) Importer(815301076,1909f56bfc062723c751e8b465ee728b)  -> (artifact id: '40141cbe0720fc6ae47a8f4301cbaa19') in 0.020981 seconds 
Number of asset objects unloaded after import = 0
========================================================================
Received Import Request.
  Time since last request: 0.316453 seconds.
  path: Assets/Distant Lands/Free Characters/Contents/Prefabs
  artifactKey: Guid(0d4ca26c1372cbe438263767ef30ba5a) Importer(815301076,1909f56bfc062723c751e8b465ee728b)
Number of updated assets reloaded before import = 0
Start importing Assets/Distant Lands/Free Characters/Contents/Prefabs using Guid(0d4ca26c1372cbe438263767ef30ba5a) Importer(815301076,1909f56bfc062723c751e8b465ee728b)  -> (artifact id: '4abea7a7f9b8e8c0647e0b7a9552867c') in 0.020091 seconds 
Number of asset objects unloaded after import = 0
========================================================================
Received Import Request.
  Time since last request: 0.000051 seconds.
  path: Assets/Distant Lands/Free Characters/Contents/Prefabs/Female 1.prefab
  artifactKey: Guid(fcabbf6dce97b4143895e121697800f1) Importer(815301076,1909f56bfc062723c751e8b465ee728b)
Number of updated assets reloaded before import = 0
Start importing Assets/Distant Lands/Free Characters/Contents/Prefabs/Female 1.prefab using Guid(fcabbf6dce97b4143895e121697800f1) Importer(815301076,1909f56bfc062723c751e8b465ee728b)  -> (artifact id: '07f416976a151d12a5ed3d146f5d9282') in 0.194294 seconds 
Number of asset objects unloaded after import = 150
========================================================================
Received Import Request.
  Time since last request: 0.000051 seconds.
  path: Assets/Distant Lands/Free Characters/Contents/Prefabs/Female 4.prefab
  artifactKey: Guid(bda9b0031f8f38e4e98e7780f1fea9b8) Importer(815301076,1909f56bfc062723c751e8b465ee728b)
Number of updated assets reloaded before import = 0
Start importing Assets/Distant Lands/Free Characters/Contents/Prefabs/Female 4.prefab using Guid(bda9b0031f8f38e4e98e7780f1fea9b8) Importer(815301076,1909f56bfc062723c751e8b465ee728b)  -> (artifact id: 'd11c121798aeab3a547c90b604683a73') in 0.076635 seconds 
Number of asset objects unloaded after import = 152
========================================================================
Received Import Request.
  Time since last request: 0.000069 seconds.
  path: Assets/Distant Lands/Free Characters/Contents/Prefabs/Male 3.prefab
  artifactKey: Guid(619f88d1e87438a43a166f80364f0fd4) Importer(815301076,1909f56bfc062723c751e8b465ee728b)
Number of updated assets reloaded before import = 0
Start importing Assets/Distant Lands/Free Characters/Contents/Prefabs/Male 3.prefab using Guid(619f88d1e87438a43a166f80364f0fd4) Importer(815301076,1909f56bfc062723c751e8b465ee728b)  -> (artifact id: '7c08b14b4345e1df2e8eda817c03ac16') in 0.084555 seconds 
Number of asset objects unloaded after import = 153
========================================================================
Received Import Request.
  Time since last request: 0.000027 seconds.
  path: Assets/Distant Lands/Free Characters/Contents/Prefabs/Male 4.prefab
  artifactKey: Guid(96c1702b56fa5a7488457a6a515ac58e) Importer(815301076,1909f56bfc062723c751e8b465ee728b)
Number of updated assets reloaded before import = 0
Start importing Assets/Distant Lands/Free Characters/Contents/Prefabs/Male 4.prefab using Guid(96c1702b56fa5a7488457a6a515ac58e) Importer(815301076,1909f56bfc062723c751e8b465ee728b)  -> (artifact id: '04427ef8246c292387ef7f982d723e10') in 0.093641 seconds 
Number of asset objects unloaded after import = 156
========================================================================
Received Import Request.
  Time since last request: 28.468292 seconds.
  path: Assets/Distant Lands/Free Characters/Contents/Prefabs/Female 1.prefab
  artifactKey: Guid(fcabbf6dce97b4143895e121697800f1) Importer(815301076,1909f56bfc062723c751e8b465ee728b)
Number of updated assets reloaded before import = 0
Start importing Assets/Distant Lands/Free Characters/Contents/Prefabs/Female 1.prefab using Guid(fcabbf6dce97b4143895e121697800f1) Importer(815301076,1909f56bfc062723c751e8b465ee728b)  -> (artifact id: '1bdbeeb7743829fb828dfa5cf1ab5a52') in 0.094899 seconds 
Number of asset objects unloaded after import = 150
========================================================================
Received Import Request.
  Time since last request: 0.000068 seconds.
  path: Assets/Distant Lands/Free Characters/Contents/Prefabs/Female 4.prefab
  artifactKey: Guid(bda9b0031f8f38e4e98e7780f1fea9b8) Importer(815301076,1909f56bfc062723c751e8b465ee728b)
Number of updated assets reloaded before import = 0
Start importing Assets/Distant Lands/Free Characters/Contents/Prefabs/Female 4.prefab using Guid(bda9b0031f8f38e4e98e7780f1fea9b8) Importer(815301076,1909f56bfc062723c751e8b465ee728b)  -> (artifact id: 'd9411deb5efdd7aa573c1502dea49188') in 0.074122 seconds 
Number of asset objects unloaded after import = 152
========================================================================
Received Import Request.
  Time since last request: 0.000046 seconds.
  path: Assets/Distant Lands/Free Characters/Contents/Prefabs/Male 1.prefab
  artifactKey: Guid(5da73550c90a266498e0fcd9c6437148) Importer(815301076,1909f56bfc062723c751e8b465ee728b)
Number of updated assets reloaded before import = 0
Start importing Assets/Distant Lands/Free Characters/Contents/Prefabs/Male 1.prefab using Guid(5da73550c90a266498e0fcd9c6437148) Importer(815301076,1909f56bfc062723c751e8b465ee728b)  -> (artifact id: 'de780a0d2a15765cdc5de77d5ade8239') in 0.072354 seconds 
Number of asset objects unloaded after import = 152
========================================================================
Received Import Request.
  Time since last request: 0.000108 seconds.
  path: Assets/Distant Lands/Free Characters/Contents/Prefabs/Male 2.prefab
  artifactKey: Guid(730000931cae1454c8083362445e8f75) Importer(815301076,1909f56bfc062723c751e8b465ee728b)
Number of updated assets reloaded before import = 0
Start importing Assets/Distant Lands/Free Characters/Contents/Prefabs/Male 2.prefab using Guid(730000931cae1454c8083362445e8f75) Importer(815301076,1909f56bfc062723c751e8b465ee728b)  -> (artifact id: 'edd1df7dc7e39f379c44c29233e97a67') in 0.074531 seconds 
Number of asset objects unloaded after import = 154
========================================================================
Received Import Request.
  Time since last request: 52.084265 seconds.
  path: Assets/Distant Lands/Free Characters/Contents/Prefabs/Legacy Characters
  artifactKey: Guid(e0a60ad787a10ed459ebba2a01c8abbe) Importer(815301076,1909f56bfc062723c751e8b465ee728b)
Number of updated assets reloaded before import = 0
Start importing Assets/Distant Lands/Free Characters/Contents/Prefabs/Legacy Characters using Guid(e0a60ad787a10ed459ebba2a01c8abbe) Importer(815301076,1909f56bfc062723c751e8b465ee728b)  -> (artifact id: '927b5515c03a79ce395f3599f356c107') in 0.031731 seconds 
Number of asset objects unloaded after import = 0
========================================================================
Received Import Request.
  Time since last request: 0.000062 seconds.
  path: Assets/Distant Lands/Free Characters/Contents/Prefabs/Legacy Characters/Male 1.prefab
  artifactKey: Guid(a82ab613de593e2439b710b4ce1813b9) Importer(815301076,1909f56bfc062723c751e8b465ee728b)
Number of updated assets reloaded before import = 0
Start importing Assets/Distant Lands/Free Characters/Contents/Prefabs/Legacy Characters/Male 1.prefab using Guid(a82ab613de593e2439b710b4ce1813b9) Importer(815301076,1909f56bfc062723c751e8b465ee728b)  -> (artifact id: '2f55d4cd00d0453f9e82f16f20ca5f72') in 0.067851 seconds 
Number of asset objects unloaded after import = 117
========================================================================
Received Import Request.
  Time since last request: 0.000087 seconds.
  path: Assets/Distant Lands/Free Characters/Contents/Prefabs/Legacy Characters/Female 4.prefab
  artifactKey: Guid(1a45f8a6713981442bc18906df81a7fb) Importer(815301076,1909f56bfc062723c751e8b465ee728b)
Number of updated assets reloaded before import = 0
Start importing Assets/Distant Lands/Free Characters/Contents/Prefabs/Legacy Characters/Female 4.prefab using Guid(1a45f8a6713981442bc18906df81a7fb) Importer(815301076,1909f56bfc062723c751e8b465ee728b)  -> (artifact id: '08a2624b7694aacc4f0aef4f56d28ecc') in 0.087606 seconds 
Number of asset objects unloaded after import = 116
========================================================================
Received Import Request.
  Time since last request: 0.000070 seconds.
  path: Assets/Distant Lands/Free Characters/Contents/Prefabs/Legacy Characters/Female 3.prefab
  artifactKey: Guid(179834d73a2f4d74f8db9c0303c8e0ec) Importer(815301076,1909f56bfc062723c751e8b465ee728b)
Number of updated assets reloaded before import = 0
Start importing Assets/Distant Lands/Free Characters/Contents/Prefabs/Legacy Characters/Female 3.prefab using Guid(179834d73a2f4d74f8db9c0303c8e0ec) Importer(815301076,1909f56bfc062723c751e8b465ee728b)  -> (artifact id: '14456edddf8b73dc6912b2aec19335f3') in 0.072748 seconds 
Number of asset objects unloaded after import = 114
========================================================================
Received Import Request.
  Time since last request: 0.000037 seconds.
  path: Assets/Distant Lands/Free Characters/Contents/Prefabs/Legacy Characters/Male 3.prefab
  artifactKey: Guid(405ce37bb502f094e89d5dce904423c3) Importer(815301076,1909f56bfc062723c751e8b465ee728b)
Number of updated assets reloaded before import = 0
Start importing Assets/Distant Lands/Free Characters/Contents/Prefabs/Legacy Characters/Male 3.prefab using Guid(405ce37bb502f094e89d5dce904423c3) Importer(815301076,1909f56bfc062723c751e8b465ee728b)  -> (artifact id: 'a5d99a42c6825fb20c80ab8334f27315') in 0.063878 seconds 
Number of asset objects unloaded after import = 118
========================================================================
Received Import Request.
  Time since last request: 13.716067 seconds.
  path: Assets/Resources/Player 1.prefab
  artifactKey: Guid(50b6d39cbcb3a5845b7dcdca91342abc) Importer(815301076,1909f56bfc062723c751e8b465ee728b)
Number of updated assets reloaded before import = 0
Start importing Assets/Resources/Player 1.prefab using Guid(50b6d39cbcb3a5845b7dcdca91342abc) Importer(815301076,1909f56bfc062723c751e8b465ee728b)  -> (artifact id: 'c07050c2e3d729740e66535ae12e932f') in 0.286530 seconds 
Number of asset objects unloaded after import = 385
========================================================================
Received Import Request.
  Time since last request: 9.672915 seconds.
  path: Assets/Resources/PlayerAma 1.prefab
  artifactKey: Guid(ece5c07c6fa921444be97d43b7ca46c2) Importer(815301076,1909f56bfc062723c751e8b465ee728b)
Number of updated assets reloaded before import = 0
Start importing Assets/Resources/PlayerAma 1.prefab using Guid(ece5c07c6fa921444be97d43b7ca46c2) Importer(815301076,1909f56bfc062723c751e8b465ee728b)  -> (artifact id: '3f08b8b1b5ee689716aef3c24ec34004') in 0.224393 seconds 
Number of asset objects unloaded after import = 206
========================================================================
Received Import Request.
  Time since last request: 23.776502 seconds.
  path: Assets/StarterAssets/ThirdPersonController/Character/Models/Armature.fbx
  artifactKey: Guid(36078ab0369161e49a29d349ae3e0739) Importer(815301076,1909f56bfc062723c751e8b465ee728b)
Number of updated assets reloaded before import = 0
Start importing Assets/StarterAssets/ThirdPersonController/Character/Models/Armature.fbx using Guid(36078ab0369161e49a29d349ae3e0739) Importer(815301076,1909f56bfc062723c751e8b465ee728b)  -> (artifact id: '939e9eadda9cfd881e928036b5c9e765') in 0.323476 seconds 
Number of asset objects unloaded after import = 151
========================================================================
Received Import Request.
  Time since last request: 11.677389 seconds.
  path: Assets/StarterAssets/Environment/Art/Models/Box_350x250x200_Mesh.fbx
  artifactKey: Guid(c6a55ba99e9e99d41b7eef123e311a43) Importer(815301076,1909f56bfc062723c751e8b465ee728b)
Number of updated assets reloaded before import = 0
Start importing Assets/StarterAssets/Environment/Art/Models/Box_350x250x200_Mesh.fbx using Guid(c6a55ba99e9e99d41b7eef123e311a43) Importer(815301076,1909f56bfc062723c751e8b465ee728b)  -> (artifact id: '8aad7f9de1f20bf29238e0a2f13d142f') in 0.087887 seconds 
Number of asset objects unloaded after import = 9
========================================================================
Received Import Request.
  Time since last request: 0.000053 seconds.
  path: Assets/StarterAssets/Environment/Art/Models/Tunnel_Mesh.fbx
  artifactKey: Guid(f712806514868e54699156ec05dcb749) Importer(815301076,1909f56bfc062723c751e8b465ee728b)
Number of updated assets reloaded before import = 0
Start importing Assets/StarterAssets/Environment/Art/Models/Tunnel_Mesh.fbx using Guid(f712806514868e54699156ec05dcb749) Importer(815301076,1909f56bfc062723c751e8b465ee728b)  -> (artifact id: 'd9229ae398e303afff2d8f3bc097fa00') in 0.073744 seconds 
Number of asset objects unloaded after import = 9
========================================================================
Received Import Request.
  Time since last request: 0.000075 seconds.
  path: Assets/StarterAssets/Environment/Art/Models/Wall_Mesh.fbx
  artifactKey: Guid(ff02a0a00ab750f48b09459b1cafd1b8) Importer(815301076,1909f56bfc062723c751e8b465ee728b)
Number of updated assets reloaded before import = 0
Start importing Assets/StarterAssets/Environment/Art/Models/Wall_Mesh.fbx using Guid(ff02a0a00ab750f48b09459b1cafd1b8) Importer(815301076,1909f56bfc062723c751e8b465ee728b)  -> (artifact id: '6e85526ea8d5731d3b38995ded25e5c6') in 0.066148 seconds 
Number of asset objects unloaded after import = 9
========================================================================
Received Import Request.
  Time since last request: 0.000068 seconds.
  path: Assets/StarterAssets/Environment/Art/Models/Ramp_Mesh.fbx
  artifactKey: Guid(426a2785f8a940049aac2c246661cf09) Importer(815301076,1909f56bfc062723c751e8b465ee728b)
Number of updated assets reloaded before import = 0
Start importing Assets/StarterAssets/Environment/Art/Models/Ramp_Mesh.fbx using Guid(426a2785f8a940049aac2c246661cf09) Importer(815301076,1909f56bfc062723c751e8b465ee728b)  -> (artifact id: '39e3a3260c695543cfb572f6fe449e7b') in 0.069237 seconds 
Number of asset objects unloaded after import = 9
========================================================================
Received Import Request.
  Time since last request: 0.000069 seconds.
  path: Assets/StarterAssets/Environment/Art/Models/Stairs_200x100x200_Mesh.fbx
  artifactKey: Guid(fce3bf5a5b603db45ab0048fb6ab44df) Importer(815301076,1909f56bfc062723c751e8b465ee728b)
Number of updated assets reloaded before import = 0
Start importing Assets/StarterAssets/Environment/Art/Models/Stairs_200x100x200_Mesh.fbx using Guid(fce3bf5a5b603db45ab0048fb6ab44df) Importer(815301076,1909f56bfc062723c751e8b465ee728b)  -> (artifact id: 'b48858daa37c39add067e07b1c72e027') in 0.112757 seconds 
Number of asset objects unloaded after import = 16
========================================================================
Received Import Request.
  Time since last request: 0.000064 seconds.
  path: Assets/StarterAssets/Environment/Art/Models/Ground_Mesh.fbx
  artifactKey: Guid(aa38d7b0e367ecc4aac915dcfe957879) Importer(815301076,1909f56bfc062723c751e8b465ee728b)
Number of updated assets reloaded before import = 0
Start importing Assets/StarterAssets/Environment/Art/Models/Ground_Mesh.fbx using Guid(aa38d7b0e367ecc4aac915dcfe957879) Importer(815301076,1909f56bfc062723c751e8b465ee728b)  -> (artifact id: 'f8afb670caba6d0aef21bf65b6f8d7ca') in 0.061311 seconds 
Number of asset objects unloaded after import = 9
========================================================================
Received Import Request.
  Time since last request: 10.369333 seconds.
  path: Assets/Distant Lands/Free Characters/Contents/Mesh/Female Hands.fbx
  artifactKey: Guid(d9979e9ec1784f8418ec3118f7edb3b2) Importer(815301076,1909f56bfc062723c751e8b465ee728b)
Number of updated assets reloaded before import = 0
Start importing Assets/Distant Lands/Free Characters/Contents/Mesh/Female Hands.fbx using Guid(d9979e9ec1784f8418ec3118f7edb3b2) Importer(815301076,1909f56bfc062723c751e8b465ee728b)  -> (artifact id: 'd0b8c4d5f04b7b8bf83dddd60935ac17') in 0.311598 seconds 
Number of asset objects unloaded after import = 144
========================================================================
Received Import Request.
  Time since last request: 0.000196 seconds.
  path: Assets/Distant Lands/Free Characters/Contents/Mesh/Male Hands.fbx
  artifactKey: Guid(6ff98783d10689e4199627949324d20f) Importer(815301076,1909f56bfc062723c751e8b465ee728b)
Number of updated assets reloaded before import = 0
Start importing Assets/Distant Lands/Free Characters/Contents/Mesh/Male Hands.fbx using Guid(6ff98783d10689e4199627949324d20f) Importer(815301076,1909f56bfc062723c751e8b465ee728b)  -> (artifact id: '2b865fce90652cc9b69bf90b52354144') in 0.315410 seconds 
Number of asset objects unloaded after import = 148
========================================================================
Received Import Request.
  Time since last request: 31.655880 seconds.
  path: Assets/nappin/Office Props Softpack/Models/(Msh)BigDrawer.fbx
  artifactKey: Guid(49c0e5468435e4f4c947e2e2d0c5c6cf) Importer(815301076,1909f56bfc062723c751e8b465ee728b)
Number of updated assets reloaded before import = 0
Start importing Assets/nappin/Office Props Softpack/Models/(Msh)BigDrawer.fbx using Guid(49c0e5468435e4f4c947e2e2d0c5c6cf) Importer(815301076,1909f56bfc062723c751e8b465ee728b)  -> (artifact id: '4d6a17646ba241de208f7fdfdc308bdb') in 0.096753 seconds 
Number of asset objects unloaded after import = 51
========================================================================
Received Import Request.
  Time since last request: 0.000076 seconds.
  path: Assets/nappin/Office Props Softpack/Models/(Msh)BookPile2.fbx
  artifactKey: Guid(cd6f234e68e2c5545a2b10a72f898445) Importer(815301076,1909f56bfc062723c751e8b465ee728b)
Number of updated assets reloaded before import = 0
Start importing Assets/nappin/Office Props Softpack/Models/(Msh)BookPile2.fbx using Guid(cd6f234e68e2c5545a2b10a72f898445) Importer(815301076,1909f56bfc062723c751e8b465ee728b)  -> (artifact id: 'e878f132620ad7be9a3795dc0d780d19') in 0.161351 seconds 
Number of asset objects unloaded after import = 53
========================================================================
Received Import Request.
  Time since last request: 0.479828 seconds.
  path: Assets/nappin/Office Props Softpack/Models/(Msh)BookPile3.fbx
  artifactKey: Guid(cc31666f2d3c78648838b47abbc333f8) Importer(815301076,1909f56bfc062723c751e8b465ee728b)
Number of updated assets reloaded before import = 0
Start importing Assets/nappin/Office Props Softpack/Models/(Msh)BookPile3.fbx using Guid(cc31666f2d3c78648838b47abbc333f8) Importer(815301076,1909f56bfc062723c751e8b465ee728b)  -> (artifact id: '46de642a66429384af98692aff487bcb') in 0.305443 seconds 
Number of asset objects unloaded after import = 98
========================================================================
Received Import Request.
  Time since last request: 0.425910 seconds.
  path: Assets/nappin/Office Props Softpack/Models/(Msh)BookPile4.fbx
  artifactKey: Guid(898aea206a1830c41bd91fa0978f4c35) Importer(815301076,1909f56bfc062723c751e8b465ee728b)
Number of updated assets reloaded before import = 0
Start importing Assets/nappin/Office Props Softpack/Models/(Msh)BookPile4.fbx using Guid(898aea206a1830c41bd91fa0978f4c35) Importer(815301076,1909f56bfc062723c751e8b465ee728b)  -> (artifact id: 'c9252ff480b3e9e8017a2e6a531e1713') in 0.186482 seconds 
Number of asset objects unloaded after import = 53
========================================================================
Received Import Request.
  Time since last request: 0.926744 seconds.
  path: Assets/nappin/Office Props Softpack/Models/(Msh)BookPile5.fbx
  artifactKey: Guid(d30e7e864c6f0f44fa1d73fa877e268f) Importer(815301076,1909f56bfc062723c751e8b465ee728b)
Number of updated assets reloaded before import = 0
Start importing Assets/nappin/Office Props Softpack/Models/(Msh)BookPile5.fbx using Guid(d30e7e864c6f0f44fa1d73fa877e268f) Importer(815301076,1909f56bfc062723c751e8b465ee728b)  -> (artifact id: 'c76ae6e4e80ec45b8b934f5d406bea0c') in 0.287847 seconds 
Number of asset objects unloaded after import = 98
========================================================================
Received Import Request.
  Time since last request: 0.000047 seconds.
  path: Assets/Photon/PhotonUnityNetworking/Demos/DemoSlotRacer/Kenney Assets/Stylized city/Models/tree_1.FBX
  artifactKey: Guid(92afa2e4e0d0b8542bf48b0de3ac19bd) Importer(815301076,1909f56bfc062723c751e8b465ee728b)
Number of updated assets reloaded before import = 0
Start importing Assets/Photon/PhotonUnityNetworking/Demos/DemoSlotRacer/Kenney Assets/Stylized city/Models/tree_1.FBX using Guid(92afa2e4e0d0b8542bf48b0de3ac19bd) Importer(815301076,1909f56bfc062723c751e8b465ee728b)  -> (artifact id: 'b68f13e1ccdf47e7e03b90f0f8de03bb') in 0.425652 seconds 
Number of asset objects unloaded after import = 28
========================================================================
Received Import Request.
  Time since last request: 0.000058 seconds.
  path: Assets/nappin/Office Props Softpack/Models/(Msh)BookPile7.fbx
  artifactKey: Guid(74ced1ff4cc446444b88042df966c736) Importer(815301076,1909f56bfc062723c751e8b465ee728b)
Number of updated assets reloaded before import = 0
Start importing Assets/nappin/Office Props Softpack/Models/(Msh)BookPile7.fbx using Guid(74ced1ff4cc446444b88042df966c736) Importer(815301076,1909f56bfc062723c751e8b465ee728b)  -> (artifact id: '1ae32b20989f0bb7e774d90acca038b3') in 0.570038 seconds 
Number of asset objects unloaded after import = 198
========================================================================
Received Import Request.
  Time since last request: 0.000068 seconds.
  path: Assets/nappin/Office Props Softpack/Models/(Msh)Shelves3.fbx
  artifactKey: Guid(4a83103d843ef4d43abfd3b25ad47b44) Importer(815301076,1909f56bfc062723c751e8b465ee728b)
Number of updated assets reloaded before import = 0
Start importing Assets/nappin/Office Props Softpack/Models/(Msh)Shelves3.fbx using Guid(4a83103d843ef4d43abfd3b25ad47b44) Importer(815301076,1909f56bfc062723c751e8b465ee728b)  -> (artifact id: 'c6ea9d53aa00af47f3f34ea70f7c48e7') in 0.058756 seconds 
Number of asset objects unloaded after import = 11
========================================================================
Received Import Request.
  Time since last request: 0.000053 seconds.
  path: Assets/nappin/Office Props Softpack/Models/(Msh)DeskPlant.fbx
  artifactKey: Guid(3978e0eca0f17684d8cd75e9959471bb) Importer(815301076,1909f56bfc062723c751e8b465ee728b)
Number of updated assets reloaded before import = 0
Start importing Assets/nappin/Office Props Softpack/Models/(Msh)DeskPlant.fbx using Guid(3978e0eca0f17684d8cd75e9959471bb) Importer(815301076,1909f56bfc062723c751e8b465ee728b)  -> (artifact id: 'cb39b2cc47f93f1a961be66b6fd73fc0') in 0.069046 seconds 
Number of asset objects unloaded after import = 11
========================================================================
Received Import Request.
  Time since last request: 0.000029 seconds.
  path: Assets/nappin/Office Props Softpack/Models/(Msh)PlantBox.fbx
  artifactKey: Guid(6a55ccc8cef577442974555021f41a1b) Importer(815301076,1909f56bfc062723c751e8b465ee728b)
Number of updated assets reloaded before import = 0
Start importing Assets/nappin/Office Props Softpack/Models/(Msh)PlantBox.fbx using Guid(6a55ccc8cef577442974555021f41a1b) Importer(815301076,1909f56bfc062723c751e8b465ee728b)  -> (artifact id: '8930ca0aea809769548f038ba2a19a5a') in 0.077521 seconds 
Number of asset objects unloaded after import = 11
========================================================================
Received Import Request.
  Time since last request: 0.000055 seconds.
  path: Assets/nappin/Office Props Softpack/Models/(Msh)Projector.fbx
  artifactKey: Guid(662d757e856cbf044a5037efe162c6f3) Importer(815301076,1909f56bfc062723c751e8b465ee728b)
Number of updated assets reloaded before import = 0
Start importing Assets/nappin/Office Props Softpack/Models/(Msh)Projector.fbx using Guid(662d757e856cbf044a5037efe162c6f3) Importer(815301076,1909f56bfc062723c751e8b465ee728b)  -> (artifact id: '397b9f7e50b83aade42af73576c8e078') in 0.079890 seconds 
Number of asset objects unloaded after import = 11
========================================================================
Received Import Request.
  Time since last request: 0.000062 seconds.
  path: Assets/nappin/Office Props Softpack/Models/(Msh)Drawer1.fbx
  artifactKey: Guid(c2433cdade6af034d875648a6e47c001) Importer(815301076,1909f56bfc062723c751e8b465ee728b)
Number of updated assets reloaded before import = 0
Start importing Assets/nappin/Office Props Softpack/Models/(Msh)Drawer1.fbx using Guid(c2433cdade6af034d875648a6e47c001) Importer(815301076,1909f56bfc062723c751e8b465ee728b)  -> (artifact id: 'b1ac40a1e9c57bb0085620bbf9e56cb2') in 0.100943 seconds 
Number of asset objects unloaded after import = 23
========================================================================
Received Import Request.
  Time since last request: 0.000058 seconds.
  path: Assets/nappin/Office Props Softpack/Models/(Msh)PCCase.fbx
  artifactKey: Guid(63434af8d15cb5840a1965b4ee99f420) Importer(815301076,1909f56bfc062723c751e8b465ee728b)
Number of updated assets reloaded before import = 0
Start importing Assets/nappin/Office Props Softpack/Models/(Msh)PCCase.fbx using Guid(63434af8d15cb5840a1965b4ee99f420) Importer(815301076,1909f56bfc062723c751e8b465ee728b)  -> (artifact id: '258d11bc27470bf2cde9da4366061220') in 0.062394 seconds 
Number of asset objects unloaded after import = 11
========================================================================
Received Import Request.
  Time since last request: 0.000043 seconds.
  path: Assets/nappin/Office Props Softpack/Models/(Msh)WaterDispenser.fbx
  artifactKey: Guid(d31ae3b3f8108284bba44064ed9dff1c) Importer(815301076,1909f56bfc062723c751e8b465ee728b)
Number of updated assets reloaded before import = 0
Start importing Assets/nappin/Office Props Softpack/Models/(Msh)WaterDispenser.fbx using Guid(d31ae3b3f8108284bba44064ed9dff1c) Importer(815301076,1909f56bfc062723c751e8b465ee728b)  -> (artifact id: '7882bb3e154c01ac603c6a8b13229274') in 0.055355 seconds 
Number of asset objects unloaded after import = 11
========================================================================
Received Import Request.
  Time since last request: 0.000065 seconds.
  path: Assets/nappin/Office Props Softpack/Models/(Msh)SeparatorDoor.fbx
  artifactKey: Guid(1fefd438eeac9ee4f82ea1039559dbcb) Importer(815301076,1909f56bfc062723c751e8b465ee728b)
Number of updated assets reloaded before import = 0
Start importing Assets/nappin/Office Props Softpack/Models/(Msh)SeparatorDoor.fbx using Guid(1fefd438eeac9ee4f82ea1039559dbcb) Importer(815301076,1909f56bfc062723c751e8b465ee728b)  -> (artifact id: 'a55b672be5581de7534e2ff7e4e78580') in 0.082853 seconds 
Number of asset objects unloaded after import = 18
========================================================================
Received Import Request.
  Time since last request: 0.000074 seconds.
  path: Assets/nappin/Office Props Softpack/Models/(Msh)Microwave.fbx
  artifactKey: Guid(f9bb1fe475c1d144cb7676c5b119fbfe) Importer(815301076,1909f56bfc062723c751e8b465ee728b)
Number of updated assets reloaded before import = 0
Start importing Assets/nappin/Office Props Softpack/Models/(Msh)Microwave.fbx using Guid(f9bb1fe475c1d144cb7676c5b119fbfe) Importer(815301076,1909f56bfc062723c751e8b465ee728b)  -> (artifact id: '164dae9960f2380ff700107a270b77a7') in 0.095621 seconds 
Number of asset objects unloaded after import = 11
========================================================================
Received Import Request.
  Time since last request: 0.000086 seconds.
  path: Assets/Photon/PhotonUnityNetworking/Demos/Shared Assets/Models/Pointer.fbx
  artifactKey: Guid(0baebe6c8f51e754a96dd7d4dee9bb4e) Importer(815301076,1909f56bfc062723c751e8b465ee728b)
Number of updated assets reloaded before import = 0
Start importing Assets/Photon/PhotonUnityNetworking/Demos/Shared Assets/Models/Pointer.fbx using Guid(0baebe6c8f51e754a96dd7d4dee9bb4e) Importer(815301076,1909f56bfc062723c751e8b465ee728b)  -> (artifact id: '0ad8aa42b2ebbcee6749687f0b6cd591') in 0.067471 seconds 
Number of asset objects unloaded after import = 11
========================================================================
Received Import Request.
  Time since last request: 0.000059 seconds.
  path: Assets/nappin/Office Props Softpack/Models/(Msh)DeskPrinter.fbx
  artifactKey: Guid(92df708222820ea4ea7635007b379d57) Importer(815301076,1909f56bfc062723c751e8b465ee728b)
Number of updated assets reloaded before import = 0
Start importing Assets/nappin/Office Props Softpack/Models/(Msh)DeskPrinter.fbx using Guid(92df708222820ea4ea7635007b379d57) Importer(815301076,1909f56bfc062723c751e8b465ee728b)  -> (artifact id: 'f294542fbf3f379a2420f1c552356386') in 0.062188 seconds 
Number of asset objects unloaded after import = 11
========================================================================
Received Import Request.
  Time since last request: 0.000048 seconds.
  path: Assets/Photon/PhotonUnityNetworking/Demos/DemoAsteroids/Models/FlyerAsteroidB.fbx
  artifactKey: Guid(757fc9771ce30dc468c775b392518d81) Importer(815301076,1909f56bfc062723c751e8b465ee728b)
Number of updated assets reloaded before import = 0
Start importing Assets/Photon/PhotonUnityNetworking/Demos/DemoAsteroids/Models/FlyerAsteroidB.fbx using Guid(757fc9771ce30dc468c775b392518d81) Importer(815301076,1909f56bfc062723c751e8b465ee728b)  -> (artifact id: '119507beb5bc540b13902108b0b4d4bc') in 0.071668 seconds 
Number of asset objects unloaded after import = 9
========================================================================
Received Import Request.
  Time since last request: 0.000034 seconds.
  path: Assets/nappin/Office Props Softpack/Models/(Msh)YogaBall.fbx
  artifactKey: Guid(ecce3f1d808befa47abc1b334d5016f8) Importer(815301076,1909f56bfc062723c751e8b465ee728b)
Number of updated assets reloaded before import = 0
Start importing Assets/nappin/Office Props Softpack/Models/(Msh)YogaBall.fbx using Guid(ecce3f1d808befa47abc1b334d5016f8) Importer(815301076,1909f56bfc062723c751e8b465ee728b)  -> (artifact id: '40a8dba4fd596f8c97ce34eb52397ec4') in 0.076456 seconds 
Number of asset objects unloaded after import = 11
========================================================================
Received Import Request.
  Time since last request: 0.000054 seconds.
  path: Assets/nappin/Office Props Softpack/Models/(Msh)KitchenModule.fbx
  artifactKey: Guid(4339f93ff4f1c4f4ca6000d384de14bd) Importer(815301076,1909f56bfc062723c751e8b465ee728b)
Number of updated assets reloaded before import = 0
Start importing Assets/nappin/Office Props Softpack/Models/(Msh)KitchenModule.fbx using Guid(4339f93ff4f1c4f4ca6000d384de14bd) Importer(815301076,1909f56bfc062723c751e8b465ee728b)  -> (artifact id: '79c5070bfe42338f6c34a1a08140c163') in 0.068811 seconds 
Number of asset objects unloaded after import = 11
========================================================================
Received Import Request.
  Time since last request: 0.000036 seconds.
  path: Assets/Photon/PhotonUnityNetworking/Demos/DemoSlotRacer/Kenney Assets/Racing Kit/Models/rail.fbx
  artifactKey: Guid(c0c42e3ceebd42943ade3b7414c47afd) Importer(815301076,1909f56bfc062723c751e8b465ee728b)
Number of updated assets reloaded before import = 0
Start importing Assets/Photon/PhotonUnityNetworking/Demos/DemoSlotRacer/Kenney Assets/Racing Kit/Models/rail.fbx using Guid(c0c42e3ceebd42943ade3b7414c47afd) Importer(815301076,1909f56bfc062723c751e8b465ee728b)  -> (artifact id: 'd53657d9adc53640e4e95b343982c67c') in 0.069452 seconds 
Number of asset objects unloaded after import = 9
========================================================================
Received Import Request.
  Time since last request: 0.000045 seconds.
  path: Assets/nappin/Office Props Softpack/Models/(Msh)Plant1.fbx
  artifactKey: Guid(7b03297d5fa5a384aa16d9aabd94ff93) Importer(815301076,1909f56bfc062723c751e8b465ee728b)
Number of updated assets reloaded before import = 0
Start importing Assets/nappin/Office Props Softpack/Models/(Msh)Plant1.fbx using Guid(7b03297d5fa5a384aa16d9aabd94ff93) Importer(815301076,1909f56bfc062723c751e8b465ee728b)  -> (artifact id: 'dc80a8120061636618182e60353d9ff8') in 0.060524 seconds 
Number of asset objects unloaded after import = 11
========================================================================
Received Import Request.
  Time since last request: 0.000050 seconds.
  path: Assets/Photon/PhotonUnityNetworking/Demos/DemoSlotRacer/Kenney Assets/Stylized city/Models/car_1.FBX
  artifactKey: Guid(1ec55baed88ac07429a52bee4c519015) Importer(815301076,1909f56bfc062723c751e8b465ee728b)
Number of updated assets reloaded before import = 0
Start importing Assets/Photon/PhotonUnityNetworking/Demos/DemoSlotRacer/Kenney Assets/Stylized city/Models/car_1.FBX using Guid(1ec55baed88ac07429a52bee4c519015) Importer(815301076,1909f56bfc062723c751e8b465ee728b)  -> (artifact id: '7874b91d2e2381f820d306b3a1793a15') in 0.340622 seconds 
Number of asset objects unloaded after import = 113
========================================================================
Received Import Request.
  Time since last request: 0.000070 seconds.
  path: Assets/nappin/Office Props Softpack/Models/(Msh)Plant2.fbx
  artifactKey: Guid(53a390c2e7417fc4881f4a9c5cc4078a) Importer(815301076,1909f56bfc062723c751e8b465ee728b)
Number of updated assets reloaded before import = 0
Start importing Assets/nappin/Office Props Softpack/Models/(Msh)Plant2.fbx using Guid(53a390c2e7417fc4881f4a9c5cc4078a) Importer(815301076,1909f56bfc062723c751e8b465ee728b)  -> (artifact id: '8a52b5e3941c7014f773da49a901d84c') in 0.079086 seconds 
Number of asset objects unloaded after import = 11
========================================================================
Received Import Request.
  Time since last request: 0.000046 seconds.
  path: Assets/nappin/Office Props Softpack/Models/(Msh)Shelves1.fbx
  artifactKey: Guid(cab363a401b518845bbac7b1c89c7a23) Importer(815301076,1909f56bfc062723c751e8b465ee728b)
Number of updated assets reloaded before import = 0
Start importing Assets/nappin/Office Props Softpack/Models/(Msh)Shelves1.fbx using Guid(cab363a401b518845bbac7b1c89c7a23) Importer(815301076,1909f56bfc062723c751e8b465ee728b)  -> (artifact id: '00d63bc601ba6075342c327e96d03b75') in 0.064358 seconds 
Number of asset objects unloaded after import = 11
========================================================================
Received Import Request.
  Time since last request: 0.000055 seconds.
  path: Assets/nappin/Office Props Softpack/Models/(Msh)Stapler.fbx
  artifactKey: Guid(dfe416dbdccccb0449425356461d7c67) Importer(815301076,1909f56bfc062723c751e8b465ee728b)
Number of updated assets reloaded before import = 0
Start importing Assets/nappin/Office Props Softpack/Models/(Msh)Stapler.fbx using Guid(dfe416dbdccccb0449425356461d7c67) Importer(815301076,1909f56bfc062723c751e8b465ee728b)  -> (artifact id: 'c86088a1c373de7927d5cbb67efca698') in 0.060909 seconds 
Number of asset objects unloaded after import = 11
========================================================================
Received Import Request.
  Time since last request: 0.000050 seconds.
  path: Assets/Photon/PhotonUnityNetworking/Demos/DemoSlotRacer/Kenney Assets/Stylized city/Models/tree_6.FBX
  artifactKey: Guid(45e438e80c2860545b63beb8d6718edd) Importer(815301076,1909f56bfc062723c751e8b465ee728b)
Number of updated assets reloaded before import = 0
Start importing Assets/Photon/PhotonUnityNetworking/Demos/DemoSlotRacer/Kenney Assets/Stylized city/Models/tree_6.FBX using Guid(45e438e80c2860545b63beb8d6718edd) Importer(815301076,1909f56bfc062723c751e8b465ee728b)  -> (artifact id: '302cfb19dba1789ace0bc0359ab5aaef') in 0.171940 seconds 
Number of asset objects unloaded after import = 28
========================================================================
Received Import Request.
  Time since last request: 2.505490 seconds.
  path: Assets/nappin/Office Props Softpack/Models/(Msh)VendingMachine.fbx
  artifactKey: Guid(7ab63061358801f488d75d9c35dc8b26) Importer(815301076,1909f56bfc062723c751e8b465ee728b)
Number of updated assets reloaded before import = 0
Start importing Assets/nappin/Office Props Softpack/Models/(Msh)VendingMachine.fbx using Guid(7ab63061358801f488d75d9c35dc8b26) Importer(815301076,1909f56bfc062723c751e8b465ee728b)  -> (artifact id: '26b42f980f4127a565632aa49d91f390') in 0.260714 seconds 
Number of asset objects unloaded after import = 704
========================================================================
Received Import Request.
  Time since last request: 0.808642 seconds.
  path: Assets/nappin/Office Props Softpack/Models/(Msh)TrashCan.fbx
  artifactKey: Guid(b9f59c5a0fa9eec4698152c59791ae76) Importer(815301076,1909f56bfc062723c751e8b465ee728b)
Number of updated assets reloaded before import = 0
Start importing Assets/nappin/Office Props Softpack/Models/(Msh)TrashCan.fbx using Guid(b9f59c5a0fa9eec4698152c59791ae76) Importer(815301076,1909f56bfc062723c751e8b465ee728b)  -> (artifact id: 'd6f84a2dea77f9e58788831961ef0135') in 0.114297 seconds 
Number of asset objects unloaded after import = 23
========================================================================
Received Import Request.
  Time since last request: 5.216887 seconds.
  path: Assets/nappin/Office Props Softpack/Models/(Msh)Sofa3.fbx
  artifactKey: Guid(a2926ab1cfa2245478d20ad4f0331477) Importer(815301076,1909f56bfc062723c751e8b465ee728b)
Number of updated assets reloaded before import = 0
Start importing Assets/nappin/Office Props Softpack/Models/(Msh)Sofa3.fbx using Guid(a2926ab1cfa2245478d20ad4f0331477) Importer(815301076,1909f56bfc062723c751e8b465ee728b)  -> (artifact id: '1259f2e2ce323665d4956ae3c1870a1b') in 0.088682 seconds 
Number of asset objects unloaded after import = 11
========================================================================
Received Import Request.
  Time since last request: 7.213439 seconds.
  path: Assets/nappin/Office Props Softpack/Models/(Msh)CeilingFan.fbx
  artifactKey: Guid(b8382dad890a52e499e640be2fba6e18) Importer(815301076,1909f56bfc062723c751e8b465ee728b)
Number of updated assets reloaded before import = 0
Start importing Assets/nappin/Office Props Softpack/Models/(Msh)CeilingFan.fbx using Guid(b8382dad890a52e499e640be2fba6e18) Importer(815301076,1909f56bfc062723c751e8b465ee728b)  -> (artifact id: 'aafd02565d5ff84ead1708578a283923') in 0.091615 seconds 
Number of asset objects unloaded after import = 18
========================================================================
Received Import Request.
  Time since last request: 0.000057 seconds.
  path: Assets/nappin/Office Props Softpack/Models/(Msh)ConferenceTable.fbx
  artifactKey: Guid(1e6adf612247ece438ca7fa180d6e18e) Importer(815301076,1909f56bfc062723c751e8b465ee728b)
Number of updated assets reloaded before import = 0
Start importing Assets/nappin/Office Props Softpack/Models/(Msh)ConferenceTable.fbx using Guid(1e6adf612247ece438ca7fa180d6e18e) Importer(815301076,1909f56bfc062723c751e8b465ee728b)  -> (artifact id: '4300a51291c6b219a1688d87523a8b78') in 0.056669 seconds 
Number of asset objects unloaded after import = 11
========================================================================
Received Import Request.
  Time since last request: 0.000061 seconds.
  path: Assets/nappin/Office Props Softpack/Models/(Msh)Clock.fbx
  artifactKey: Guid(538ebcc8575799746881a05c02d1ae04) Importer(815301076,1909f56bfc062723c751e8b465ee728b)
Number of updated assets reloaded before import = 0
Start importing Assets/nappin/Office Props Softpack/Models/(Msh)Clock.fbx using Guid(538ebcc8575799746881a05c02d1ae04) Importer(815301076,1909f56bfc062723c751e8b465ee728b)  -> (artifact id: '90232001d4c3ac9ae313184d0bdbbc8e') in 0.098283 seconds 
Number of asset objects unloaded after import = 28
========================================================================
Received Import Request.
  Time since last request: 0.000036 seconds.
  path: Assets/nappin/Office Props Softpack/Models/(Msh)Desk2.fbx
  artifactKey: Guid(e0d31913657846c4e9344974cc7f73dd) Importer(815301076,1909f56bfc062723c751e8b465ee728b)
Number of updated assets reloaded before import = 0
Start importing Assets/nappin/Office Props Softpack/Models/(Msh)Desk2.fbx using Guid(e0d31913657846c4e9344974cc7f73dd) Importer(815301076,1909f56bfc062723c751e8b465ee728b)  -> (artifact id: '784301d903da2325011c5c52ae9ba0e4') in 0.109392 seconds 
Number of asset objects unloaded after import = 30
========================================================================
Received Import Request.
  Time since last request: 3.853879 seconds.
  path: Assets/nappin/Office Props Softpack/Models/(Msh)Drawer3.fbx
  artifactKey: Guid(2a975253b89f03147813702ebc3dfa98) Importer(815301076,1909f56bfc062723c751e8b465ee728b)
Number of updated assets reloaded before import = 0
Start importing Assets/nappin/Office Props Softpack/Models/(Msh)Drawer3.fbx using Guid(2a975253b89f03147813702ebc3dfa98) Importer(815301076,1909f56bfc062723c751e8b465ee728b)  -> (artifact id: '2ecfb765459cde21a850c09f44759cf1') in 0.101836 seconds 
Number of asset objects unloaded after import = 23
========================================================================
Received Import Request.
  Time since last request: 2.191700 seconds.
  path: Assets/nappin/Office Props Softpack/Models/(Msh)LoungeChair.fbx
  artifactKey: Guid(d0f06f9715b791a4596af29b5bbb56d0) Importer(815301076,1909f56bfc062723c751e8b465ee728b)
Number of updated assets reloaded before import = 0
Start importing Assets/nappin/Office Props Softpack/Models/(Msh)LoungeChair.fbx using Guid(d0f06f9715b791a4596af29b5bbb56d0) Importer(815301076,1909f56bfc062723c751e8b465ee728b)  -> (artifact id: '2c3e076cb0e6a42e2467bb4dbc7ffc8c') in 0.072957 seconds 
Number of asset objects unloaded after import = 11
========================================================================
Received Prepare
Registering precompiled user dll's ...
Registered in 0.025981 seconds.
Begin MonoManager ReloadAssembly
Native extension for WindowsStandalone target not found
Native extension for Android target not found
Native extension for WebGL target not found
Refreshing native plugins compatible for Editor in 2.01 ms, found 3 plugins.
Preloading 0 native plugins for Editor in 0.00 ms.
[Package Manager] Server::EnsureServerProcessIsRunning -- launch failed, reason: Unity was launched with the -noUpm command-line argument
[Package Manager] Cannot connect to Unity Package Manager local server
Mono: successfully reloaded assembly
- Completed reload, in  4.705 seconds
Domain Reload Profiling:
	ReloadAssembly (4707ms)
		BeginReloadAssembly (486ms)
			ExecutionOrderSort (0ms)
			DisableScriptedObjects (23ms)
			BackupInstance (0ms)
			ReleaseScriptingObjects (0ms)
			CreateAndSetChildDomain (137ms)
		EndReloadAssembly (3945ms)
			LoadAssemblies (331ms)
			RebuildTransferFunctionScriptingTraits (0ms)
			SetupTypeCache (957ms)
			ReleaseScriptCaches (4ms)
			RebuildScriptCaches (138ms)
			SetupLoadedEditorAssemblies (2336ms)
				LogAssemblyErrors (0ms)
				InitializePlatformSupportModulesInManaged (62ms)
				SetLoadedEditorAssemblies (1ms)
				RefreshPlugins (2ms)
				BeforeProcessingInitializeOnLoad (245ms)
				ProcessInitializeOnLoadAttributes (1790ms)
				ProcessInitializeOnLoadMethodAttributes (215ms)
				AfterProcessingInitializeOnLoad (18ms)
				EditorAssembliesLoaded (1ms)
			ExecutionOrderSort2 (0ms)
			AwakeInstancesAfterBackupRestoration (37ms)
Platform modules already initialized, skipping
Refreshing native plugins compatible for Editor in 1.93 ms, found 3 plugins.
Preloading 0 native plugins for Editor in 0.00 ms.
Unloading 5524 Unused Serialized files (Serialized files now loaded: 0)
Unloading 50 unused Assets / (378.9 KB). Loaded Objects now: 6225.
Memory consumption went from 239.7 MB to 239.3 MB.
Total: 8.672700 ms (FindLiveObjects: 0.734200 ms CreateObjectMapping: 0.625700 ms MarkObjects: 7.029500 ms  DeleteObjects: 0.281400 ms)

AssetImportParameters requested are different than current active one (requested -> active):
  custom:video-decoder-ogg-theora: a1e56fd34408186e4bbccfd4996cb3dc -> 
  custom:container-muxer-webm: aa71ff27fc2769a1b78a27578f13a17b -> 
  custom:container-demuxer-webm: 4f35f7cbe854078d1ac9338744f61a02 -> 
  custom:video-encoder-webm-vp8: eb34c28f22e8b96e1ab97ce403110664 -> 
  custom:video-codec-MediaFoundation-h265: 746d11721c4dcdbdad8f713fa42b33f4 -> 
  custom:CustomObjectIndexerAttribute: 6b0e35c9178b02a6363f3721b7b8e397 -> 
  custom:audio-encoder-webm-vorbis: bf7c407c2cedff20999df2af8eb42d56 -> 
  custom:framework-win-MediaFoundation: 216162199b28c13a410421893ffa2e32 -> 
  custom:SearchIndexIgnoredProperties: e643bd26f0fe6173181afceb89e7c659 -> 
  custom:container-demuxer-ogg: 62fdf1f143b41e24485cea50d1cbac27 -> 
  custom:video-decoder-webm-vp8: 9c59270c3fd7afecdb556c50c9e8de78 -> 
  custom:audio-decoder-ogg-vorbis: bf7c407c2cedff20999df2af8eb42d56 -> 
========================================================================
Received Prepare
Registering precompiled user dll's ...
Registered in 0.029998 seconds.
Begin MonoManager ReloadAssembly
Native extension for WindowsStandalone target not found
Native extension for Android target not found
Native extension for WebGL target not found
Refreshing native plugins compatible for Editor in 2.56 ms, found 3 plugins.
Preloading 0 native plugins for Editor in 0.00 ms.
[Package Manager] Server::EnsureServerProcessIsRunning -- launch failed, reason: Unity was launched with the -noUpm command-line argument
[Package Manager] Cannot connect to Unity Package Manager local server
Mono: successfully reloaded assembly
- Completed reload, in  5.338 seconds
Domain Reload Profiling:
	ReloadAssembly (5341ms)
		BeginReloadAssembly (577ms)
			ExecutionOrderSort (0ms)
			DisableScriptedObjects (24ms)
			BackupInstance (0ms)
			ReleaseScriptingObjects (0ms)
			CreateAndSetChildDomain (162ms)
		EndReloadAssembly (4433ms)
			LoadAssemblies (387ms)
			RebuildTransferFunctionScriptingTraits (0ms)
			SetupTypeCache (1217ms)
			ReleaseScriptCaches (5ms)
			RebuildScriptCaches (173ms)
			SetupLoadedEditorAssemblies (2533ms)
				LogAssemblyErrors (0ms)
				InitializePlatformSupportModulesInManaged (81ms)
				SetLoadedEditorAssemblies (2ms)
				RefreshPlugins (3ms)
				BeforeProcessingInitializeOnLoad (263ms)
				ProcessInitializeOnLoadAttributes (1936ms)
				ProcessInitializeOnLoadMethodAttributes (225ms)
				AfterProcessingInitializeOnLoad (23ms)
				EditorAssembliesLoaded (1ms)
			ExecutionOrderSort2 (0ms)
			AwakeInstancesAfterBackupRestoration (41ms)
Platform modules already initialized, skipping
Refreshing native plugins compatible for Editor in 3.63 ms, found 3 plugins.
Preloading 0 native plugins for Editor in 0.00 ms.
Unloading 5513 Unused Serialized files (Serialized files now loaded: 0)
Unloading 32 unused Assets / (377.9 KB). Loaded Objects now: 6241.
Memory consumption went from 238.6 MB to 238.3 MB.
Total: 12.424900 ms (FindLiveObjects: 1.101700 ms CreateObjectMapping: 0.837500 ms MarkObjects: 10.300700 ms  DeleteObjects: 0.181700 ms)

AssetImportParameters requested are different than current active one (requested -> active):
  custom:video-decoder-ogg-theora: a1e56fd34408186e4bbccfd4996cb3dc -> 
  custom:container-muxer-webm: aa71ff27fc2769a1b78a27578f13a17b -> 
  custom:container-demuxer-webm: 4f35f7cbe854078d1ac9338744f61a02 -> 
  custom:video-encoder-webm-vp8: eb34c28f22e8b96e1ab97ce403110664 -> 
  custom:video-codec-MediaFoundation-h265: 746d11721c4dcdbdad8f713fa42b33f4 -> 
  custom:CustomObjectIndexerAttribute: 6b0e35c9178b02a6363f3721b7b8e397 -> 
  custom:audio-encoder-webm-vorbis: bf7c407c2cedff20999df2af8eb42d56 -> 
  custom:framework-win-MediaFoundation: 216162199b28c13a410421893ffa2e32 -> 
  custom:SearchIndexIgnoredProperties: e643bd26f0fe6173181afceb89e7c659 -> 
  custom:container-demuxer-ogg: 62fdf1f143b41e24485cea50d1cbac27 -> 
  custom:video-decoder-webm-vp8: 9c59270c3fd7afecdb556c50c9e8de78 -> 
  custom:audio-decoder-ogg-vorbis: bf7c407c2cedff20999df2af8eb42d56 -> 
========================================================================
Received Prepare
Registering precompiled user dll's ...
Registered in 0.016713 seconds.
Begin MonoManager ReloadAssembly
Native extension for WindowsStandalone target not found
Native extension for Android target not found
Native extension for WebGL target not found
Refreshing native plugins compatible for Editor in 2.02 ms, found 3 plugins.
Preloading 0 native plugins for Editor in 0.00 ms.
[Package Manager] Server::EnsureServerProcessIsRunning -- launch failed, reason: Unity was launched with the -noUpm command-line argument
[Package Manager] Cannot connect to Unity Package Manager local server
Mono: successfully reloaded assembly
- Completed reload, in  5.261 seconds
Domain Reload Profiling:
	ReloadAssembly (5263ms)
		BeginReloadAssembly (530ms)
			ExecutionOrderSort (0ms)
			DisableScriptedObjects (16ms)
			BackupInstance (0ms)
			ReleaseScriptingObjects (0ms)
			CreateAndSetChildDomain (141ms)
		EndReloadAssembly (4395ms)
			LoadAssemblies (394ms)
			RebuildTransferFunctionScriptingTraits (0ms)
			SetupTypeCache (1159ms)
			ReleaseScriptCaches (4ms)
			RebuildScriptCaches (172ms)
			SetupLoadedEditorAssemblies (2503ms)
				LogAssemblyErrors (0ms)
				InitializePlatformSupportModulesInManaged (72ms)
				SetLoadedEditorAssemblies (2ms)
				RefreshPlugins (2ms)
				BeforeProcessingInitializeOnLoad (313ms)
				ProcessInitializeOnLoadAttributes (1883ms)
				ProcessInitializeOnLoadMethodAttributes (209ms)
				AfterProcessingInitializeOnLoad (21ms)
				EditorAssembliesLoaded (1ms)
			ExecutionOrderSort2 (0ms)
			AwakeInstancesAfterBackupRestoration (37ms)
Platform modules already initialized, skipping
Refreshing native plugins compatible for Editor in 2.47 ms, found 3 plugins.
Preloading 0 native plugins for Editor in 0.00 ms.
Unloading 5513 Unused Serialized files (Serialized files now loaded: 0)
Unloading 32 unused Assets / (377.9 KB). Loaded Objects now: 6257.
Memory consumption went from 238.8 MB to 238.5 MB.
Total: 14.283200 ms (FindLiveObjects: 1.051700 ms CreateObjectMapping: 0.831100 ms MarkObjects: 12.243700 ms  DeleteObjects: 0.153200 ms)

AssetImportParameters requested are different than current active one (requested -> active):
  custom:video-decoder-ogg-theora: a1e56fd34408186e4bbccfd4996cb3dc -> 
  custom:container-muxer-webm: aa71ff27fc2769a1b78a27578f13a17b -> 
  custom:container-demuxer-webm: 4f35f7cbe854078d1ac9338744f61a02 -> 
  custom:video-encoder-webm-vp8: eb34c28f22e8b96e1ab97ce403110664 -> 
  custom:video-codec-MediaFoundation-h265: 746d11721c4dcdbdad8f713fa42b33f4 -> 
  custom:CustomObjectIndexerAttribute: 6b0e35c9178b02a6363f3721b7b8e397 -> 
  custom:audio-encoder-webm-vorbis: bf7c407c2cedff20999df2af8eb42d56 -> 
  custom:framework-win-MediaFoundation: 216162199b28c13a410421893ffa2e32 -> 
  custom:SearchIndexIgnoredProperties: e643bd26f0fe6173181afceb89e7c659 -> 
  custom:container-demuxer-ogg: 62fdf1f143b41e24485cea50d1cbac27 -> 
  custom:video-decoder-webm-vp8: 9c59270c3fd7afecdb556c50c9e8de78 -> 
  custom:audio-decoder-ogg-vorbis: bf7c407c2cedff20999df2af8eb42d56 -> 
========================================================================
Received Prepare
Refreshing native plugins compatible for Editor in 11.99 ms, found 3 plugins.
Preloading 0 native plugins for Editor in 0.00 ms.
Unloading 30 Unused Serialized files (Serialized files now loaded: 0)
Unloading 30 unused Assets / (377.4 KB). Loaded Objects now: 6257.
Memory consumption went from 129.2 MB to 128.8 MB.
Total: 13.369500 ms (FindLiveObjects: 1.316600 ms CreateObjectMapping: 0.736200 ms MarkObjects: 11.180600 ms  DeleteObjects: 0.133900 ms)

AssetImportParameters requested are different than current active one (requested -> active):
  custom:video-decoder-ogg-theora: a1e56fd34408186e4bbccfd4996cb3dc -> 
  custom:container-muxer-webm: aa71ff27fc2769a1b78a27578f13a17b -> 
  custom:container-demuxer-webm: 4f35f7cbe854078d1ac9338744f61a02 -> 
  custom:video-encoder-webm-vp8: eb34c28f22e8b96e1ab97ce403110664 -> 
  custom:video-codec-MediaFoundation-h265: 746d11721c4dcdbdad8f713fa42b33f4 -> 
  custom:CustomObjectIndexerAttribute: 6b0e35c9178b02a6363f3721b7b8e397 -> 
  custom:audio-encoder-webm-vorbis: bf7c407c2cedff20999df2af8eb42d56 -> 
  custom:framework-win-MediaFoundation: 216162199b28c13a410421893ffa2e32 -> 
  custom:SearchIndexIgnoredProperties: e643bd26f0fe6173181afceb89e7c659 -> 
  custom:container-demuxer-ogg: 62fdf1f143b41e24485cea50d1cbac27 -> 
  custom:video-decoder-webm-vp8: 9c59270c3fd7afecdb556c50c9e8de78 -> 
  custom:audio-decoder-ogg-vorbis: bf7c407c2cedff20999df2af8eb42d56 -> 
========================================================================
Received Prepare
Registering precompiled user dll's ...
Registered in 0.030254 seconds.
Begin MonoManager ReloadAssembly
Native extension for WindowsStandalone target not found
Native extension for Android target not found
Native extension for WebGL target not found
Refreshing native plugins compatible for Editor in 3.54 ms, found 3 plugins.
Preloading 0 native plugins for Editor in 0.00 ms.
[Package Manager] Server::EnsureServerProcessIsRunning -- launch failed, reason: Unity was launched with the -noUpm command-line argument
[Package Manager] Cannot connect to Unity Package Manager local server
Mono: successfully reloaded assembly
- Completed reload, in  4.909 seconds
Domain Reload Profiling:
	ReloadAssembly (4910ms)
		BeginReloadAssembly (480ms)
			ExecutionOrderSort (0ms)
			DisableScriptedObjects (22ms)
			BackupInstance (0ms)
			ReleaseScriptingObjects (0ms)
			CreateAndSetChildDomain (120ms)
		EndReloadAssembly (4096ms)
			LoadAssemblies (350ms)
			RebuildTransferFunctionScriptingTraits (0ms)
			SetupTypeCache (1007ms)
			ReleaseScriptCaches (5ms)
			RebuildScriptCaches (149ms)
			SetupLoadedEditorAssemblies (2442ms)
				LogAssemblyErrors (0ms)
				InitializePlatformSupportModulesInManaged (116ms)
				SetLoadedEditorAssemblies (2ms)
				RefreshPlugins (4ms)
				BeforeProcessingInitializeOnLoad (272ms)
				ProcessInitializeOnLoadAttributes (1812ms)
				ProcessInitializeOnLoadMethodAttributes (214ms)
				AfterProcessingInitializeOnLoad (23ms)
				EditorAssembliesLoaded (0ms)
			ExecutionOrderSort2 (0ms)
			AwakeInstancesAfterBackupRestoration (53ms)
Platform modules already initialized, skipping
Refreshing native plugins compatible for Editor in 2.34 ms, found 3 plugins.
Preloading 0 native plugins for Editor in 0.00 ms.
Unloading 5513 Unused Serialized files (Serialized files now loaded: 0)
Unloading 32 unused Assets / (377.9 KB). Loaded Objects now: 6273.
Memory consumption went from 238.9 MB to 238.5 MB.
Total: 9.062700 ms (FindLiveObjects: 0.677200 ms CreateObjectMapping: 0.646300 ms MarkObjects: 7.607100 ms  DeleteObjects: 0.130000 ms)

AssetImportParameters requested are different than current active one (requested -> active):
  custom:video-decoder-ogg-theora: a1e56fd34408186e4bbccfd4996cb3dc -> 
  custom:container-muxer-webm: aa71ff27fc2769a1b78a27578f13a17b -> 
  custom:container-demuxer-webm: 4f35f7cbe854078d1ac9338744f61a02 -> 
  custom:video-encoder-webm-vp8: eb34c28f22e8b96e1ab97ce403110664 -> 
  custom:video-codec-MediaFoundation-h265: 746d11721c4dcdbdad8f713fa42b33f4 -> 
  custom:CustomObjectIndexerAttribute: 6b0e35c9178b02a6363f3721b7b8e397 -> 
  custom:audio-encoder-webm-vorbis: bf7c407c2cedff20999df2af8eb42d56 -> 
  custom:framework-win-MediaFoundation: 216162199b28c13a410421893ffa2e32 -> 
  custom:SearchIndexIgnoredProperties: e643bd26f0fe6173181afceb89e7c659 -> 
  custom:container-demuxer-ogg: 62fdf1f143b41e24485cea50d1cbac27 -> 
  custom:video-decoder-webm-vp8: 9c59270c3fd7afecdb556c50c9e8de78 -> 
  custom:audio-decoder-ogg-vorbis: bf7c407c2cedff20999df2af8eb42d56 -> 
